#
# There is insufficient memory for the Java Runtime Environment to continue.
# Native memory allocation (mmap) failed to map 268435456 bytes for G1 virtual space
# Possible reasons:
#   The system is out of physical RAM or swap space
#   The process is running with CompressedOops enabled, and the Java Heap may be blocking the growth of the native heap
# Possible solutions:
#   Reduce memory load on the system
#   Increase physical memory or swap space
#   Check if swap backing store is full
#   Decrease Java heap size (-Xmx/-Xms)
#   Decrease number of Java threads
#   Decrease Java thread stack sizes (-Xss)
#   Set larger code cache with -XX:ReservedCodeCacheSize=
#   JVM is running with Zero Based Compressed Oops mode in which the Java heap is
#     placed in the first 32GB address space. The Java Heap base address is the
#     maximum limit for the native heap growth. Please use -XX:HeapBaseMinAddress
#     to set the Java Heap base and to place the Java Heap above 32GB virtual address.
# This output file may be truncated or incomplete.
#
#  Out of Memory Error (./open/src/hotspot/os/windows/os_windows.cpp:3472), pid=13552, tid=7180
#
# JRE version:  (15.0.1+9) (build )
# Java VM: Java HotSpot(TM) 64-Bit Server VM (15.0.1+9-18, mixed mode, sharing, tiered, compressed oops, g1 gc, windows-amd64)
# No core dump will be written. Minidumps are not enabled by default on client versions of Windows
#

---------------  S U M M A R Y ------------

Command Line: -Dorg.gradle.appname=gradlew org.gradle.wrapper.GradleWrapperMain -q -Ptarget-platform=android-x86 -Ptarget=C:\Users\hp\AndroidStudioProjects\my_wallet\lib\main.dart -Ptrack-widget-creation=true -Pfilesystem-scheme=org-dartlang-root -Pdart-defines=flutter.inspector.structuredErrors=true assembleDebug

Host: Intel(R) Core(TM) i7-6820HQ CPU @ 2.70GHz, 8 cores, 15G,  Windows 10 , 64 bit Build 19041 (10.0.19041.928)
Time: Fri Apr 30 05:09:04 2021 Egypt Standard Time elapsed time: 0.018125 seconds (0d 0h 0m 0s)

---------------  T H R E A D  ---------------

Current thread (0x0000018cac2fdff0):  JavaThread "Unknown thread" [_thread_in_vm, id=7180, stack(0x00000051e3c00000,0x00000051e3d00000)]

Stack: [0x00000051e3c00000,0x00000051e3d00000]
Native frames: (J=compiled Java code, j=interpreted, Vv=VM code, C=native code)
V  [jvm.dll+0x62ae9a]
V  [jvm.dll+0x781389]
V  [jvm.dll+0x782ae3]
V  [jvm.dll+0x783143]
V  [jvm.dll+0x216265]
V  [jvm.dll+0x6281d9]
V  [jvm.dll+0x61cd15]
V  [jvm.dll+0x2d01fd]
V  [jvm.dll+0x2d0062]
V  [jvm.dll+0x2d603c]
V  [jvm.dll+0x325b2a]
V  [jvm.dll+0x3251f4]
V  [jvm.dll+0x2a717a]
V  [jvm.dll+0x2a8318]
V  [jvm.dll+0x75e101]
V  [jvm.dll+0x3343e4]
V  [jvm.dll+0x73e826]
V  [jvm.dll+0x3b7777]
V  [jvm.dll+0x3b9201]
C  [jli.dll+0x52fb]
C  [ucrtbase.dll+0x21bb2]
C  [KERNEL32.DLL+0x17034]
C  [ntdll.dll+0x52651]


---------------  P R O C E S S  ---------------

Threads class SMR info:
_java_thread_list=0x00007fff6d844ff0, length=0, elements={
}

Java Threads: ( => current thread )

Other Threads:
  0x0000018cac4d2c50 GCTaskThread "GC Thread#0" [stack: 0x00000051e3d00000,0x00000051e3e00000] [id=12764]
  0x0000018cac4e3bb0 ConcurrentGCThread "G1 Main Marker" [stack: 0x00000051e3e00000,0x00000051e3f00000] [id=17380]
  0x0000018cac4e4f40 ConcurrentGCThread "G1 Conc#0" [stack: 0x00000051e3f00000,0x00000051e4000000] [id=580]

[error occurred during error reporting (printing all threads), id 0xc0000005, EXCEPTION_ACCESS_VIOLATION (0xc0000005) at pc=0x00007fff6d038047]

VM state: not at safepoint (not fully initialized)

VM Mutex/Monitor currently owned by a thread:  ([mutex/lock_event])
[0x0000018cac2fa4a0] Heap_lock - owner thread: 0x0000018cac2fdff0

Heap address: 0x0000000701e00000, size: 4066 MB, Compressed Oops mode: Zero based, Oop shift amount: 3
CDS archive(s) mapped at: [0x0000000000000000-0x0000000000000000-0x0000000000000000), size 0, SharedBaseAddress: 0x0000000800000000, ArchiveRelocationMode: 0.
Narrow klass base: 0x0000000000000000, Narrow klass shift: 0, Narrow klass range: 0x0

Heap:
 garbage-first heap   total 262144K, used 0K [0x0000000701e00000, 0x0000000800000000)
  region size 2048K, 0 young (0K), 0 survivors (0K)
 Metaspace       used 0K, capacity 0K, committed 0K, reserved 0K
  class space    used 0K, capacity 0K, committed 0K, reserved 0K

Heap Regions: E=young(eden), S=young(survivor), O=old, HS=humongous(starts), HC=humongous(continues), CS=collection set, F=free, OA=open archive, CA=closed archive, TAMS=top-at-mark-start (previous, next)

Card table byte_map: [0x0000018cc6110000,0x0000018cc6910000] _byte_map_base: 0x0000018cc2901000

Marking Bits (Prev, Next): (CMBitMap*) 0x0000018cac4d3440, (CMBitMap*) 0x0000018cac4d3480
 Prev Bits: [0x0000018cc7110000, 0x0000018ccb098000)
 Next Bits: [0x0000018ccb0a0000, 0x0000018ccf028000)

GC Heap History (0 events):
No events

Deoptimization events (0 events):
No events

Classes unloaded (0 events):
No events

Classes redefined (0 events):
No events

Internal exceptions (0 events):
No events

Events (1 events):
Event: 0.011 Loaded shared library C:\Program Files\Java\jdk-15.0.1\bin\java.dll


Dynamic libraries:
0x00007ff6c4cb0000 - 0x00007ff6c4cbf000 	C:\Program Files\Java\jdk-15.0.1\bin\java.exe
0x00007fffb0cb0000 - 0x00007fffb0ea5000 	C:\Windows\SYSTEM32\ntdll.dll
0x00007fffb0620000 - 0x00007fffb06dd000 	C:\Windows\System32\KERNEL32.DLL
0x00007fffae3f0000 - 0x00007fffae6b8000 	C:\Windows\System32\KERNELBASE.dll
0x00007fffaec10000 - 0x00007fffaed10000 	C:\Windows\System32\ucrtbase.dll
0x00007fff8e0a0000 - 0x00007fff8e0b9000 	C:\Program Files\Java\jdk-15.0.1\bin\VCRUNTIME140.dll
0x00007fffa9030000 - 0x00007fffa9048000 	C:\Program Files\Java\jdk-15.0.1\bin\jli.dll
0x00007fffb09c0000 - 0x00007fffb0a6c000 	C:\Windows\System32\ADVAPI32.dll
0x00007fffb0440000 - 0x00007fffb04de000 	C:\Windows\System32\msvcrt.dll
0x00007fffb0330000 - 0x00007fffb03cb000 	C:\Windows\System32\sechost.dll
0x00007fffaf650000 - 0x00007fffaf77b000 	C:\Windows\System32\RPCRT4.dll
0x00007fffb0ad0000 - 0x00007fffb0c70000 	C:\Windows\System32\USER32.dll
0x00007fffaeb00000 - 0x00007fffaeb22000 	C:\Windows\System32\win32u.dll
0x00007fff971b0000 - 0x00007fff9744a000 	C:\Windows\WinSxS\amd64_microsoft.windows.common-controls_6595b64144ccf1df_6.0.19041.844_none_ca00b6081b84eb1d\COMCTL32.dll
0x00007fffaf620000 - 0x00007fffaf64a000 	C:\Windows\System32\GDI32.dll
0x00007fffae910000 - 0x00007fffaea1b000 	C:\Windows\System32\gdi32full.dll
0x00007fffae870000 - 0x00007fffae90d000 	C:\Windows\System32\msvcp_win.dll
0x00007fffa3980000 - 0x00007fffa398a000 	C:\Windows\SYSTEM32\VERSION.dll
0x00007fffb0280000 - 0x00007fffb02b0000 	C:\Windows\System32\IMM32.DLL
0x00007fffa9020000 - 0x00007fffa902c000 	C:\Program Files\Java\jdk-15.0.1\bin\vcruntime140_1.dll
0x00007fff79810000 - 0x00007fff798a1000 	C:\Program Files\Java\jdk-15.0.1\bin\msvcp140.dll
0x00007fff6cd80000 - 0x00007fff6d8de000 	C:\Program Files\Java\jdk-15.0.1\bin\server\jvm.dll
0x00007fffaed10000 - 0x00007fffaed18000 	C:\Windows\System32\PSAPI.DLL
0x00007fffa8aa0000 - 0x00007fffa8aa9000 	C:\Windows\SYSTEM32\WSOCK32.dll
0x00007fff97600000 - 0x00007fff97627000 	C:\Windows\SYSTEM32\WINMM.dll
0x00007fffb03d0000 - 0x00007fffb043b000 	C:\Windows\System32\WS2_32.dll
0x00007fffac510000 - 0x00007fffac522000 	C:\Windows\SYSTEM32\kernel.appcore.dll
0x00007fffa13d0000 - 0x00007fffa13da000 	C:\Program Files\Java\jdk-15.0.1\bin\jimage.dll
0x00007fffa4be0000 - 0x00007fffa4dc4000 	C:\Windows\SYSTEM32\DBGHELP.DLL
0x00007fff923e0000 - 0x00007fff9240c000 	C:\Windows\SYSTEM32\dbgcore.DLL
0x00007fffaea20000 - 0x00007fffaeaa0000 	C:\Windows\System32\bcryptPrimitives.dll
0x00007fff8be20000 - 0x00007fff8be45000 	C:\Program Files\Java\jdk-15.0.1\bin\java.dll

dbghelp: loaded successfully - version: 4.0.5 - missing functions: none
symbol engine: initialized successfully - sym options: 0x614 - pdb path: .;C:\Program Files\Java\jdk-15.0.1\bin;C:\Windows\SYSTEM32;C:\Windows\WinSxS\amd64_microsoft.windows.common-controls_6595b64144ccf1df_6.0.19041.844_none_ca00b6081b84eb1d;C:\Program Files\Java\jdk-15.0.1\bin\server

VM Arguments:
jvm_args: -Dorg.gradle.appname=gradlew 
java_command: org.gradle.wrapper.GradleWrapperMain -q -Ptarget-platform=android-x86 -Ptarget=C:\Users\hp\AndroidStudioProjects\my_wallet\lib\main.dart -Ptrack-widget-creation=true -Pfilesystem-scheme=org-dartlang-root -Pdart-defines=flutter.inspector.structuredErrors=true assembleDebug
java_class_path (initial): C:\Users\hp\AndroidStudioProjects\my_wallet\android\\gradle\wrapper\gradle-wrapper.jar
Launcher Type: SUN_STANDARD

[Global flags]
     intx CICompilerCount                          = 4                                         {product} {ergonomic}
     uint ConcGCThreads                            = 2                                         {product} {ergonomic}
     uint G1ConcRefinementThreads                  = 8                                         {product} {ergonomic}
   size_t G1HeapRegionSize                         = 2097152                                   {product} {ergonomic}
    uintx GCDrainStackTargetSize                   = 64                                        {product} {ergonomic}
   size_t InitialHeapSize                          = 268435456                                 {product} {ergonomic}
   size_t MarkStackSize                            = 4194304                                   {product} {ergonomic}
   size_t MaxHeapSize                              = 4263510016                                {product} {ergonomic}
   size_t MinHeapDeltaBytes                        = 2097152                                   {product} {ergonomic}
   size_t MinHeapSize                              = 8388608                                   {product} {ergonomic}
    uintx NonNMethodCodeHeapSize                   = 5839372                                {pd product} {ergonomic}
    uintx NonProfiledCodeHeapSize                  = 122909434                              {pd product} {ergonomic}
    uintx ProfiledCodeHeapSize                     = 122909434                              {pd product} {ergonomic}
    uintx ReservedCodeCacheSize                    = 251658240                              {pd product} {ergonomic}
     bool SegmentedCodeCache                       = true                                      {product} {ergonomic}
   size_t SoftMaxHeapSize                          = 4263510016                             {manageable} {ergonomic}
     bool UseCompressedClassPointers               = true                                 {lp64_product} {ergonomic}
     bool UseCompressedOops                        = true                                 {lp64_product} {ergonomic}
     bool UseG1GC                                  = true                                      {product} {ergonomic}
     bool UseLargePagesIndividualAllocation        = false                                  {pd product} {ergonomic}

Logging:
Log output configuration:
 #0: stdout all=warning uptime,level,tags
 #1: stderr all=off uptime,level,tags

Environment Variables:
JAVA_HOME=C:\Program Files\Java\jdk-15.0.1
CLASSPATH=C:\Users\hp\AndroidStudioProjects\my_wallet\android\\gradle\wrapper\gradle-wrapper.jar
PATH=C:\Program Files\Common Files\Oracle\Java\javapath;C:\Windows\system32;C:\Windows;C:\Windows\System32\Wbem;C:\Windows\System32\WindowsPowerShell\v1.0\;C:\Windows\System32\OpenSSH\;C:\Program Files\Java\jdk-15.0.1\bin;C:\Program Files\dotnet\;C:\Users\hp\AppData\Local\Microsoft\WindowsApps;C:\AndStu\flutter\bin;C:\Program Files\Java\jdk-15.0.1\bin;C:\Users\hp\.dotnet\tools;C:\AndStu\flutter\bin\mingit\cmd
USERNAME=hp
OS=Windows_NT
PROCESSOR_IDENTIFIER=Intel64 Family 6 Model 94 Stepping 3, GenuineIntel



---------------  S Y S T E M  ---------------

OS:
 Windows 10 , 64 bit Build 19041 (10.0.19041.928)
OS uptime: 6 days 11:34 hours

CPU: total 8 (initial active 8) (4 cores per cpu, 2 threads per core) family 6 model 94 stepping 3 microcode 0xd6, cmov, cx8, fxsr, mmx, sse, sse2, sse3, ssse3, sse4.1, sse4.2, popcnt, vzeroupper, avx, avx2, aes, clmul, erms, rtm, 3dnowpref, lzcnt, ht, tsc, tscinvbit, bmi1, bmi2, adx, fma, clflush, clflushopt

Memory: 4k page, system-wide physical 16263M (91M free)
TotalPageFile size 46710M (AvailPageFile size 203M)
current process WorkingSet (physical memory assigned to process): 10M, peak: 10M
current process commit charge ("private bytes"): 60M, peak: 316M

vm_info: Java HotSpot(TM) 64-Bit Server VM (15.0.1+9-18) for windows-amd64 JRE (15.0.1+9-18), built on Sep 15 2020 14:43:54 by "mach5one" with unknown MS VC++:1925

END.
